[03-Jul-2021 17:45:29 UTC] PHP Warning:  socket_recv(): unable to read from socket [54]: Connection reset by peer in /Applications/MAMP/htdocs/passionIceCreamServer/attendance/qrhoster.php on line 44
[03-Jul-2021 17:45:29 UTC] PHP Warning:  socket_getpeername(): unable to retrieve peer name [22]: Invalid argument in /Applications/MAMP/htdocs/passionIceCreamServer/attendance/qrhoster.php on line 55
[03-Jul-2021 17:51:12 UTC] PHP Warning:  socket_getpeername(): unable to retrieve peer name [22]: Invalid argument in /Applications/MAMP/htdocs/passionIceCreamServer/attendance/qrhoster.php on line 55
[03-Jul-2021 17:58:42 UTC] PHP Warning:  socket_recv(): unable to read from socket [54]: Connection reset by peer in /Applications/MAMP/htdocs/passionIceCreamServer/attendance/qrhoster.php on line 44
[03-Jul-2021 17:58:42 UTC] PHP Warning:  socket_getpeername(): unable to retrieve peer name [22]: Invalid argument in /Applications/MAMP/htdocs/passionIceCreamServer/attendance/qrhoster.php on line 55
[03-Jul-2021 18:08:59 UTC] PHP Warning:  socket_recv(): unable to read from socket [54]: Connection reset by peer in /Applications/MAMP/htdocs/passionIceCreamServer/attendance/qrhoster.php on line 44
[03-Jul-2021 18:08:59 UTC] PHP Warning:  socket_getpeername(): unable to retrieve peer name [22]: Invalid argument in /Applications/MAMP/htdocs/passionIceCreamServer/attendance/qrhoster.php on line 55
[03-Jul-2021 18:09:02 UTC] PHP Warning:  socket_recv(): unable to read from socket [54]: Connection reset by peer in /Applications/MAMP/htdocs/passionIceCreamServer/attendance/qrhoster.php on line 44
[03-Jul-2021 18:09:02 UTC] PHP Warning:  socket_getpeername(): unable to retrieve peer name [22]: Invalid argument in /Applications/MAMP/htdocs/passionIceCreamServer/attendance/qrhoster.php on line 55
[03-Jul-2021 18:09:36 UTC] PHP Warning:  socket_getpeername(): unable to retrieve peer name [22]: Invalid argument in /Applications/MAMP/htdocs/passionIceCreamServer/attendance/qrhoster.php on line 55
[03-Jul-2021 18:15:37 UTC] PHP Warning:  socket_recv(): unable to read from socket [54]: Connection reset by peer in /Applications/MAMP/htdocs/passionIceCreamServer/attendance/qrhoster.php on line 44
[03-Jul-2021 18:15:37 UTC] PHP Warning:  socket_getpeername(): unable to retrieve peer name [22]: Invalid argument in /Applications/MAMP/htdocs/passionIceCreamServer/attendance/qrhoster.php on line 55
[03-Jul-2021 18:22:24 UTC] PHP Warning:  socket_bind(): unable to bind address [48]: Address already in use in /Applications/MAMP/htdocs/passionIceCreamServer/attendance/qrhoster.php on line 15
[03-Jul-2021 18:22:31 UTC] PHP Warning:  socket_bind(): unable to bind address [48]: Address already in use in /Applications/MAMP/htdocs/passionIceCreamServer/attendance/qrhoster.php on line 15
[03-Jul-2021 18:23:01 UTC] PHP Fatal error:  Uncaught PDOException: SQLSTATE[42000]: Syntax error or access violation: 1064 You have an error in your SQL syntax; check the manual that corresponds to your MySQL server version for the right syntax to use near 'name=?,device=?,qrCode:token)' at line 1 in /Applications/MAMP/htdocs/passionIceCreamServer/attendance/attendance.php:194
Stack trace:
#0 /Applications/MAMP/htdocs/passionIceCreamServer/attendance/attendance.php(194): PDO->prepare('Select * from q...')
#1 /Applications/MAMP/htdocs/passionIceCreamServer/attendance/qrhoster.php(48): AttendanceHandler->createChatBoxMessage('a1d3b85c234e04e...', 'a446104b113908f...')
#2 {main}
  thrown in /Applications/MAMP/htdocs/passionIceCreamServer/attendance/attendance.php on line 194
[03-Jul-2021 18:24:25 UTC] PHP Fatal error:  Uncaught PDOException: SQLSTATE[42000]: Syntax error or access violation: 1064 You have an error in your SQL syntax; check the manual that corresponds to your MySQL server version for the right syntax to use near 'name=?,device=?,qrCode=?)' at line 1 in /Applications/MAMP/htdocs/passionIceCreamServer/attendance/attendance.php:194
Stack trace:
#0 /Applications/MAMP/htdocs/passionIceCreamServer/attendance/attendance.php(194): PDO->prepare('Select * from q...')
#1 /Applications/MAMP/htdocs/passionIceCreamServer/attendance/qrhoster.php(48): AttendanceHandler->createChatBoxMessage('a1d3b85c234e04e...', 'd906f0323967041...')
#2 {main}
  thrown in /Applications/MAMP/htdocs/passionIceCreamServer/attendance/attendance.php on line 194
[03-Jul-2021 18:26:38 UTC] PHP Fatal error:  Uncaught PDOException: SQLSTATE[42000]: Syntax error or access violation: 1064 You have an error in your SQL syntax; check the manual that corresponds to your MySQL server version for the right syntax to use near ')' at line 1 in /Applications/MAMP/htdocs/passionIceCreamServer/attendance/attendance.php:194
Stack trace:
#0 /Applications/MAMP/htdocs/passionIceCreamServer/attendance/attendance.php(194): PDO->prepare('select * from q...')
#1 /Applications/MAMP/htdocs/passionIceCreamServer/attendance/qrhoster.php(48): AttendanceHandler->createChatBoxMessage('a1d3b85c234e04e...', '9feed242076cf17...')
#2 {main}
  thrown in /Applications/MAMP/htdocs/passionIceCreamServer/attendance/attendance.php on line 194
[03-Jul-2021 18:35:15 UTC] PHP Fatal error:  Uncaught Error: Call to undefined method PDOStatement::close() in /Applications/MAMP/htdocs/passionIceCreamServer/attendance/attendance.php:193
Stack trace:
#0 /Applications/MAMP/htdocs/passionIceCreamServer/attendance/qrhoster.php(48): AttendanceHandler->createChatBoxMessage('a1d3b85c234e04e...', '5ef76368f144f6f...')
#1 {main}
  thrown in /Applications/MAMP/htdocs/passionIceCreamServer/attendance/attendance.php on line 193
[03-Jul-2021 18:36:06 UTC] PHP Fatal error:  Uncaught PDOException: SQLSTATE[42000]: Syntax error or access violation: 1064 You have an error in your SQL syntax; check the manual that corresponds to your MySQL server version for the right syntax to use near ')' at line 1 in /Applications/MAMP/htdocs/passionIceCreamServer/attendance/attendance.php:195
Stack trace:
#0 /Applications/MAMP/htdocs/passionIceCreamServer/attendance/attendance.php(195): PDO->prepare('SELECT * from q...')
#1 /Applications/MAMP/htdocs/passionIceCreamServer/attendance/qrhoster.php(48): AttendanceHandler->createChatBoxMessage('a1d3b85c234e04e...', 'af97aa21ab6ace4...')
#2 {main}
  thrown in /Applications/MAMP/htdocs/passionIceCreamServer/attendance/attendance.php on line 195
[03-Jul-2021 18:36:48 UTC] PHP Fatal error:  Uncaught Error: Call to undefined method PDOStatement::close() in /Applications/MAMP/htdocs/passionIceCreamServer/attendance/attendance.php:193
Stack trace:
#0 /Applications/MAMP/htdocs/passionIceCreamServer/attendance/qrhoster.php(48): AttendanceHandler->createChatBoxMessage('a1d3b85c234e04e...', 'bf8b56520c77633...')
#1 {main}
  thrown in /Applications/MAMP/htdocs/passionIceCreamServer/attendance/attendance.php on line 193
[03-Jul-2021 18:39:25 UTC] PHP Warning:  socket_recv(): unable to read from socket [54]: Connection reset by peer in /Applications/MAMP/htdocs/passionIceCreamServer/attendance/qrhoster.php on line 44
[03-Jul-2021 18:39:25 UTC] PHP Warning:  socket_getpeername(): unable to retrieve peer name [22]: Invalid argument in /Applications/MAMP/htdocs/passionIceCreamServer/attendance/qrhoster.php on line 55
[03-Jul-2021 18:41:14 UTC] PHP Warning:  socket_recv(): unable to read from socket [54]: Connection reset by peer in /Applications/MAMP/htdocs/passionIceCreamServer/attendance/qrhoster.php on line 44
[03-Jul-2021 18:41:14 UTC] PHP Warning:  socket_getpeername(): unable to retrieve peer name [22]: Invalid argument in /Applications/MAMP/htdocs/passionIceCreamServer/attendance/qrhoster.php on line 55
[03-Jul-2021 18:42:49 UTC] PHP Warning:  socket_recv(): unable to read from socket [54]: Connection reset by peer in /Applications/MAMP/htdocs/passionIceCreamServer/attendance/qrhoster.php on line 44
[03-Jul-2021 18:42:49 UTC] PHP Warning:  socket_getpeername(): unable to retrieve peer name [22]: Invalid argument in /Applications/MAMP/htdocs/passionIceCreamServer/attendance/qrhoster.php on line 55
[03-Jul-2021 18:43:21 UTC] PHP Warning:  socket_recv(): unable to read from socket [54]: Connection reset by peer in /Applications/MAMP/htdocs/passionIceCreamServer/attendance/qrhoster.php on line 44
[03-Jul-2021 18:43:21 UTC] PHP Warning:  socket_getpeername(): unable to retrieve peer name [22]: Invalid argument in /Applications/MAMP/htdocs/passionIceCreamServer/attendance/qrhoster.php on line 55
[03-Jul-2021 18:43:22 UTC] PHP Warning:  socket_recv(): unable to read from socket [54]: Connection reset by peer in /Applications/MAMP/htdocs/passionIceCreamServer/attendance/qrhoster.php on line 44
[03-Jul-2021 18:43:22 UTC] PHP Warning:  socket_getpeername(): unable to retrieve peer name [22]: Invalid argument in /Applications/MAMP/htdocs/passionIceCreamServer/attendance/qrhoster.php on line 55
[03-Jul-2021 18:43:30 UTC] PHP Warning:  socket_recv(): unable to read from socket [54]: Connection reset by peer in /Applications/MAMP/htdocs/passionIceCreamServer/attendance/qrhoster.php on line 44
[03-Jul-2021 18:43:30 UTC] PHP Warning:  socket_getpeername(): unable to retrieve peer name [22]: Invalid argument in /Applications/MAMP/htdocs/passionIceCreamServer/attendance/qrhoster.php on line 55
[03-Jul-2021 18:45:59 UTC] PHP Warning:  socket_getpeername(): unable to retrieve peer name [22]: Invalid argument in /Applications/MAMP/htdocs/passionIceCreamServer/attendance/qrhoster.php on line 55
[03-Jul-2021 18:46:53 UTC] PHP Warning:  socket_recv(): unable to read from socket [54]: Connection reset by peer in /Applications/MAMP/htdocs/passionIceCreamServer/attendance/qrhoster.php on line 44
[03-Jul-2021 18:46:53 UTC] PHP Warning:  socket_getpeername(): unable to retrieve peer name [22]: Invalid argument in /Applications/MAMP/htdocs/passionIceCreamServer/attendance/qrhoster.php on line 55
[03-Jul-2021 18:51:18 UTC] PHP Warning:  socket_recv(): unable to read from socket [54]: Connection reset by peer in /Applications/MAMP/htdocs/passionIceCreamServer/attendance/qrhoster.php on line 44
[03-Jul-2021 18:51:18 UTC] PHP Warning:  socket_getpeername(): unable to retrieve peer name [22]: Invalid argument in /Applications/MAMP/htdocs/passionIceCreamServer/attendance/qrhoster.php on line 55
[03-Jul-2021 18:51:33 UTC] PHP Warning:  socket_recv(): unable to read from socket [54]: Connection reset by peer in /Applications/MAMP/htdocs/passionIceCreamServer/attendance/qrhoster.php on line 44
[03-Jul-2021 18:51:33 UTC] PHP Warning:  socket_getpeername(): unable to retrieve peer name [22]: Invalid argument in /Applications/MAMP/htdocs/passionIceCreamServer/attendance/qrhoster.php on line 55
[03-Jul-2021 18:53:06 UTC] PHP Warning:  socket_recv(): unable to read from socket [54]: Connection reset by peer in /Applications/MAMP/htdocs/passionIceCreamServer/attendance/qrhoster.php on line 44
[03-Jul-2021 18:53:06 UTC] PHP Warning:  socket_getpeername(): unable to retrieve peer name [22]: Invalid argument in /Applications/MAMP/htdocs/passionIceCreamServer/attendance/qrhoster.php on line 55
[03-Jul-2021 18:53:12 UTC] PHP Warning:  socket_recv(): unable to read from socket [54]: Connection reset by peer in /Applications/MAMP/htdocs/passionIceCreamServer/attendance/qrhoster.php on line 44
[03-Jul-2021 18:53:12 UTC] PHP Warning:  socket_getpeername(): unable to retrieve peer name [22]: Invalid argument in /Applications/MAMP/htdocs/passionIceCreamServer/attendance/qrhoster.php on line 55
[03-Jul-2021 18:53:17 UTC] PHP Warning:  socket_getpeername(): unable to retrieve peer name [22]: Invalid argument in /Applications/MAMP/htdocs/passionIceCreamServer/attendance/qrhoster.php on line 55
[03-Jul-2021 18:54:35 UTC] PHP Warning:  socket_recv(): unable to read from socket [54]: Connection reset by peer in /Applications/MAMP/htdocs/passionIceCreamServer/attendance/qrhoster.php on line 44
[03-Jul-2021 18:54:35 UTC] PHP Warning:  socket_getpeername(): unable to retrieve peer name [22]: Invalid argument in /Applications/MAMP/htdocs/passionIceCreamServer/attendance/qrhoster.php on line 55
[03-Jul-2021 18:54:48 UTC] PHP Warning:  socket_recv(): unable to read from socket [54]: Connection reset by peer in /Applications/MAMP/htdocs/passionIceCreamServer/attendance/qrhoster.php on line 44
[03-Jul-2021 18:54:48 UTC] PHP Warning:  socket_getpeername(): unable to retrieve peer name [22]: Invalid argument in /Applications/MAMP/htdocs/passionIceCreamServer/attendance/qrhoster.php on line 55
[03-Jul-2021 18:56:48 UTC] PHP Warning:  socket_getpeername(): unable to retrieve peer name [22]: Invalid argument in /Applications/MAMP/htdocs/passionIceCreamServer/attendance/qrhoster.php on line 55
[03-Jul-2021 18:56:59 UTC] PHP Warning:  socket_recv(): unable to read from socket [54]: Connection reset by peer in /Applications/MAMP/htdocs/passionIceCreamServer/attendance/qrhoster.php on line 44
[03-Jul-2021 18:56:59 UTC] PHP Warning:  socket_getpeername(): unable to retrieve peer name [22]: Invalid argument in /Applications/MAMP/htdocs/passionIceCreamServer/attendance/qrhoster.php on line 55
[03-Jul-2021 19:01:26 UTC] PHP Warning:  socket_recv(): unable to read from socket [54]: Connection reset by peer in /Applications/MAMP/htdocs/passionIceCreamServer/attendance/qrhoster.php on line 44
[04-Jul-2021 06:12:52 UTC] PHP Warning:  socket_recv(): unable to read from socket [54]: Connection reset by peer in /Applications/MAMP/htdocs/passionIceCreamServer/attendance/qrhoster.php on line 44
[04-Jul-2021 06:12:53 UTC] PHP Warning:  socket_recv(): unable to read from socket [54]: Connection reset by peer in /Applications/MAMP/htdocs/passionIceCreamServer/attendance/qrhoster.php on line 44
[04-Jul-2021 06:12:57 UTC] PHP Warning:  socket_recv(): unable to read from socket [54]: Connection reset by peer in /Applications/MAMP/htdocs/passionIceCreamServer/attendance/qrhoster.php on line 44
[04-Jul-2021 06:17:01 UTC] PHP Warning:  socket_recv(): unable to read from socket [54]: Connection reset by peer in /Applications/MAMP/htdocs/passionIceCreamServer/attendance/qrhoster.php on line 44
[04-Jul-2021 06:17:46 UTC] PHP Warning:  socket_recv(): unable to read from socket [54]: Connection reset by peer in /Applications/MAMP/htdocs/passionIceCreamServer/attendance/qrhoster.php on line 44
[04-Jul-2021 06:18:26 UTC] PHP Warning:  socket_recv(): unable to read from socket [54]: Connection reset by peer in /Applications/MAMP/htdocs/passionIceCreamServer/attendance/qrhoster.php on line 44
[04-Jul-2021 06:22:09 UTC] PHP Warning:  socket_recv(): unable to read from socket [54]: Connection reset by peer in /Applications/MAMP/htdocs/passionIceCreamServer/attendance/qrhoster.php on line 44
[04-Jul-2021 06:22:57 UTC] PHP Warning:  socket_recv(): unable to read from socket [54]: Connection reset by peer in /Applications/MAMP/htdocs/passionIceCreamServer/attendance/qrhoster.php on line 44
[04-Jul-2021 06:22:58 UTC] PHP Warning:  socket_recv(): unable to read from socket [54]: Connection reset by peer in /Applications/MAMP/htdocs/passionIceCreamServer/attendance/qrhoster.php on line 44
[04-Jul-2021 06:22:59 UTC] PHP Warning:  socket_recv(): unable to read from socket [54]: Connection reset by peer in /Applications/MAMP/htdocs/passionIceCreamServer/attendance/qrhoster.php on line 44
[04-Jul-2021 06:23:23 UTC] PHP Warning:  socket_recv(): unable to read from socket [54]: Connection reset by peer in /Applications/MAMP/htdocs/passionIceCreamServer/attendance/qrhoster.php on line 44
[04-Jul-2021 06:23:24 UTC] PHP Warning:  socket_recv(): unable to read from socket [54]: Connection reset by peer in /Applications/MAMP/htdocs/passionIceCreamServer/attendance/qrhoster.php on line 44
[04-Jul-2021 06:23:25 UTC] PHP Warning:  socket_recv(): unable to read from socket [54]: Connection reset by peer in /Applications/MAMP/htdocs/passionIceCreamServer/attendance/qrhoster.php on line 44
[04-Jul-2021 06:24:17 UTC] PHP Warning:  socket_recv(): unable to read from socket [54]: Connection reset by peer in /Applications/MAMP/htdocs/passionIceCreamServer/attendance/qrhoster.php on line 44
[04-Jul-2021 06:24:18 UTC] PHP Warning:  socket_recv(): unable to read from socket [54]: Connection reset by peer in /Applications/MAMP/htdocs/passionIceCreamServer/attendance/qrhoster.php on line 44
[04-Jul-2021 06:24:19 UTC] PHP Warning:  socket_recv(): unable to read from socket [54]: Connection reset by peer in /Applications/MAMP/htdocs/passionIceCreamServer/attendance/qrhoster.php on line 44
[04-Jul-2021 06:24:28 UTC] PHP Warning:  socket_recv(): unable to read from socket [54]: Connection reset by peer in /Applications/MAMP/htdocs/passionIceCreamServer/attendance/qrhoster.php on line 44
[04-Jul-2021 06:24:30 UTC] PHP Warning:  socket_recv(): unable to read from socket [54]: Connection reset by peer in /Applications/MAMP/htdocs/passionIceCreamServer/attendance/qrhoster.php on line 44
[04-Jul-2021 06:24:50 UTC] PHP Warning:  socket_recv(): unable to read from socket [54]: Connection reset by peer in /Applications/MAMP/htdocs/passionIceCreamServer/attendance/qrhoster.php on line 44
[04-Jul-2021 06:25:59 UTC] PHP Warning:  socket_recv(): unable to read from socket [54]: Connection reset by peer in /Applications/MAMP/htdocs/passionIceCreamServer/attendance/qrhoster.php on line 44
[04-Jul-2021 06:26:00 UTC] PHP Warning:  socket_recv(): unable to read from socket [54]: Connection reset by peer in /Applications/MAMP/htdocs/passionIceCreamServer/attendance/qrhoster.php on line 44
[04-Jul-2021 06:26:01 UTC] PHP Warning:  socket_recv(): unable to read from socket [54]: Connection reset by peer in /Applications/MAMP/htdocs/passionIceCreamServer/attendance/qrhoster.php on line 44
[04-Jul-2021 06:26:02 UTC] PHP Warning:  socket_recv(): unable to read from socket [54]: Connection reset by peer in /Applications/MAMP/htdocs/passionIceCreamServer/attendance/qrhoster.php on line 44
[04-Jul-2021 06:31:48 UTC] PHP Warning:  socket_recv(): unable to read from socket [54]: Connection reset by peer in /Applications/MAMP/htdocs/passionIceCreamServer/attendance/qrhoster.php on line 44
[04-Jul-2021 06:37:27 UTC] PHP Warning:  socket_recv(): unable to read from socket [54]: Connection reset by peer in /Applications/MAMP/htdocs/passionIceCreamServer/attendance/qrhoster.php on line 44
[04-Jul-2021 06:38:38 UTC] PHP Warning:  socket_recv(): unable to read from socket [54]: Connection reset by peer in /Applications/MAMP/htdocs/passionIceCreamServer/attendance/qrhoster.php on line 44
[04-Jul-2021 06:40:00 UTC] PHP Warning:  socket_recv(): unable to read from socket [54]: Connection reset by peer in /Applications/MAMP/htdocs/passionIceCreamServer/attendance/qrhoster.php on line 44
[04-Jul-2021 06:41:44 UTC] PHP Warning:  socket_recv(): unable to read from socket [54]: Connection reset by peer in /Applications/MAMP/htdocs/passionIceCreamServer/attendance/qrhoster.php on line 44
[04-Jul-2021 06:44:52 UTC] PHP Warning:  socket_recv(): unable to read from socket [54]: Connection reset by peer in /Applications/MAMP/htdocs/passionIceCreamServer/attendance/qrhoster.php on line 44
[04-Jul-2021 06:48:34 UTC] PHP Warning:  socket_recv(): unable to read from socket [54]: Connection reset by peer in /Applications/MAMP/htdocs/passionIceCreamServer/attendance/qrhoster.php on line 44
[04-Jul-2021 06:50:12 UTC] PHP Warning:  socket_recv(): unable to read from socket [54]: Connection reset by peer in /Applications/MAMP/htdocs/passionIceCreamServer/attendance/qrhoster.php on line 44
[04-Jul-2021 06:52:24 UTC] PHP Warning:  socket_recv(): unable to read from socket [54]: Connection reset by peer in /Applications/MAMP/htdocs/passionIceCreamServer/attendance/qrhoster.php on line 44
[04-Jul-2021 06:52:57 UTC] PHP Warning:  socket_recv(): unable to read from socket [54]: Connection reset by peer in /Applications/MAMP/htdocs/passionIceCreamServer/attendance/qrhoster.php on line 44
[04-Jul-2021 06:55:23 UTC] PHP Warning:  socket_recv(): unable to read from socket [54]: Connection reset by peer in /Applications/MAMP/htdocs/passionIceCreamServer/attendance/qrhoster.php on line 44
[04-Jul-2021 07:03:38 UTC] PHP Warning:  socket_recv(): unable to read from socket [54]: Connection reset by peer in /Applications/MAMP/htdocs/passionIceCreamServer/attendance/qrhoster.php on line 44
[04-Jul-2021 07:04:03 UTC] PHP Warning:  socket_recv(): unable to read from socket [54]: Connection reset by peer in /Applications/MAMP/htdocs/passionIceCreamServer/attendance/qrhoster.php on line 44
[04-Jul-2021 07:06:43 UTC] PHP Warning:  socket_recv(): unable to read from socket [54]: Connection reset by peer in /Applications/MAMP/htdocs/passionIceCreamServer/attendance/qrhoster.php on line 44
[04-Jul-2021 07:07:35 UTC] PHP Warning:  socket_recv(): unable to read from socket [54]: Connection reset by peer in /Applications/MAMP/htdocs/passionIceCreamServer/attendance/qrhoster.php on line 44
[04-Jul-2021 07:07:46 UTC] PHP Warning:  socket_recv(): unable to read from socket [54]: Connection reset by peer in /Applications/MAMP/htdocs/passionIceCreamServer/attendance/qrhoster.php on line 44
[04-Jul-2021 07:09:06 UTC] PHP Warning:  socket_recv(): unable to read from socket [54]: Connection reset by peer in /Applications/MAMP/htdocs/passionIceCreamServer/attendance/qrhoster.php on line 44
[04-Jul-2021 07:09:49 UTC] PHP Warning:  socket_recv(): unable to read from socket [54]: Connection reset by peer in /Applications/MAMP/htdocs/passionIceCreamServer/attendance/qrhoster.php on line 44
[04-Jul-2021 07:12:12 UTC] PHP Warning:  socket_recv(): unable to read from socket [54]: Connection reset by peer in /Applications/MAMP/htdocs/passionIceCreamServer/attendance/qrhoster.php on line 44
[04-Jul-2021 07:12:34 UTC] PHP Warning:  socket_recv(): unable to read from socket [54]: Connection reset by peer in /Applications/MAMP/htdocs/passionIceCreamServer/attendance/qrhoster.php on line 44
[04-Jul-2021 07:14:09 UTC] PHP Warning:  socket_recv(): unable to read from socket [54]: Connection reset by peer in /Applications/MAMP/htdocs/passionIceCreamServer/attendance/qrhoster.php on line 44
[04-Jul-2021 07:15:06 UTC] PHP Warning:  socket_recv(): unable to read from socket [54]: Connection reset by peer in /Applications/MAMP/htdocs/passionIceCreamServer/attendance/qrhoster.php on line 44
[04-Jul-2021 07:16:33 UTC] PHP Warning:  socket_recv(): unable to read from socket [54]: Connection reset by peer in /Applications/MAMP/htdocs/passionIceCreamServer/attendance/qrhoster.php on line 44
[04-Jul-2021 07:17:44 UTC] PHP Warning:  socket_recv(): unable to read from socket [54]: Connection reset by peer in /Applications/MAMP/htdocs/passionIceCreamServer/attendance/qrhoster.php on line 44
[04-Jul-2021 07:28:47 UTC] PHP Warning:  socket_recv(): unable to read from socket [54]: Connection reset by peer in /Applications/MAMP/htdocs/passionIceCreamServer/attendance/qrhoster.php on line 44
[04-Jul-2021 07:29:03 UTC] PHP Warning:  socket_recv(): unable to read from socket [54]: Connection reset by peer in /Applications/MAMP/htdocs/passionIceCreamServer/attendance/qrhoster.php on line 44
[04-Jul-2021 07:33:02 UTC] PHP Warning:  socket_recv(): unable to read from socket [54]: Connection reset by peer in /Applications/MAMP/htdocs/passionIceCreamServer/attendance/qrhoster.php on line 44
[04-Jul-2021 07:34:49 UTC] PHP Warning:  socket_recv(): unable to read from socket [54]: Connection reset by peer in /Applications/MAMP/htdocs/passionIceCreamServer/attendance/qrhoster.php on line 44
[04-Jul-2021 07:37:01 UTC] PHP Warning:  socket_recv(): unable to read from socket [54]: Connection reset by peer in /Applications/MAMP/htdocs/passionIceCreamServer/attendance/qrhoster.php on line 44
[04-Jul-2021 07:38:12 UTC] PHP Warning:  socket_recv(): unable to read from socket [54]: Connection reset by peer in /Applications/MAMP/htdocs/passionIceCreamServer/attendance/qrhoster.php on line 44
[04-Jul-2021 07:43:45 UTC] PHP Warning:  socket_recv(): unable to read from socket [54]: Connection reset by peer in /Applications/MAMP/htdocs/passionIceCreamServer/attendance/qrhoster.php on line 44
[04-Jul-2021 07:43:48 UTC] PHP Warning:  socket_recv(): unable to read from socket [54]: Connection reset by peer in /Applications/MAMP/htdocs/passionIceCreamServer/attendance/qrhoster.php on line 44
[04-Jul-2021 07:44:40 UTC] PHP Warning:  socket_recv(): unable to read from socket [54]: Connection reset by peer in /Applications/MAMP/htdocs/passionIceCreamServer/attendance/qrhoster.php on line 44
[04-Jul-2021 07:52:45 UTC] PHP Warning:  socket_recv(): unable to read from socket [54]: Connection reset by peer in /Applications/MAMP/htdocs/passionIceCreamServer/attendance/qrhoster.php on line 44
[04-Jul-2021 07:52:50 UTC] PHP Warning:  socket_recv(): unable to read from socket [54]: Connection reset by peer in /Applications/MAMP/htdocs/passionIceCreamServer/attendance/qrhoster.php on line 44
[04-Jul-2021 07:53:01 UTC] PHP Warning:  socket_recv(): unable to read from socket [54]: Connection reset by peer in /Applications/MAMP/htdocs/passionIceCreamServer/attendance/qrhoster.php on line 44
[04-Jul-2021 07:53:02 UTC] PHP Warning:  socket_recv(): unable to read from socket [54]: Connection reset by peer in /Applications/MAMP/htdocs/passionIceCreamServer/attendance/qrhoster.php on line 44
[04-Jul-2021 09:20:08 UTC] PHP Warning:  socket_recv(): unable to read from socket [54]: Connection reset by peer in /Applications/MAMP/htdocs/passionIceCreamServer/attendance/qrhoster.php on line 44
[04-Jul-2021 09:22:10 UTC] PHP Warning:  socket_recv(): unable to read from socket [54]: Connection reset by peer in /Applications/MAMP/htdocs/passionIceCreamServer/attendance/qrhoster.php on line 44
[04-Jul-2021 09:34:23 UTC] PHP Fatal error:  Uncaught PDOException: SQLSTATE[HY000]: General error: 2031  in /Applications/MAMP/htdocs/passionIceCreamServer/attendance/attendance.php:228
Stack trace:
#0 /Applications/MAMP/htdocs/passionIceCreamServer/attendance/attendance.php(228): PDOStatement->execute()
#1 /Applications/MAMP/htdocs/passionIceCreamServer/attendance/qrhoster.php(48): AttendanceHandler->createChatBoxMessage('141020', 'd4cf01c0aed31af...')
#2 {main}
  thrown in /Applications/MAMP/htdocs/passionIceCreamServer/attendance/attendance.php on line 228
[04-Jul-2021 09:40:14 UTC] PHP Warning:  socket_recv(): unable to read from socket [54]: Connection reset by peer in /Applications/MAMP/htdocs/passionIceCreamServer/attendance/qrhoster.php on line 44
[04-Jul-2021 09:46:53 UTC] PHP Warning:  socket_recv(): unable to read from socket [54]: Connection reset by peer in /Applications/MAMP/htdocs/passionIceCreamServer/attendance/qrhoster.php on line 44
[04-Jul-2021 09:49:31 UTC] PHP Warning:  socket_recv(): unable to read from socket [54]: Connection reset by peer in /Applications/MAMP/htdocs/passionIceCreamServer/attendance/qrhoster.php on line 44
[04-Jul-2021 09:58:09 UTC] PHP Warning:  socket_recv(): unable to read from socket [54]: Connection reset by peer in /Applications/MAMP/htdocs/passionIceCreamServer/attendance/qrhoster.php on line 44
[04-Jul-2021 10:01:54 UTC] PHP Warning:  socket_recv(): unable to read from socket [54]: Connection reset by peer in /Applications/MAMP/htdocs/passionIceCreamServer/attendance/qrhoster.php on line 44
[04-Jul-2021 10:06:34 UTC] PHP Warning:  socket_recv(): unable to read from socket [54]: Connection reset by peer in /Applications/MAMP/htdocs/passionIceCreamServer/attendance/qrhoster.php on line 44
[04-Jul-2021 10:08:14 UTC] PHP Warning:  socket_recv(): unable to read from socket [54]: Connection reset by peer in /Applications/MAMP/htdocs/passionIceCreamServer/attendance/qrhoster.php on line 44
[04-Jul-2021 10:08:45 UTC] PHP Warning:  socket_recv(): unable to read from socket [54]: Connection reset by peer in /Applications/MAMP/htdocs/passionIceCreamServer/attendance/qrhoster.php on line 44
[04-Jul-2021 10:10:45 UTC] PHP Warning:  socket_recv(): unable to read from socket [54]: Connection reset by peer in /Applications/MAMP/htdocs/passionIceCreamServer/attendance/qrhoster.php on line 44
[04-Jul-2021 10:11:47 UTC] PHP Warning:  socket_recv(): unable to read from socket [54]: Connection reset by peer in /Applications/MAMP/htdocs/passionIceCreamServer/attendance/qrhoster.php on line 44
[04-Jul-2021 10:12:27 UTC] PHP Warning:  socket_recv(): unable to read from socket [54]: Connection reset by peer in /Applications/MAMP/htdocs/passionIceCreamServer/attendance/qrhoster.php on line 44
[04-Jul-2021 10:15:04 UTC] PHP Warning:  socket_recv(): unable to read from socket [54]: Connection reset by peer in /Applications/MAMP/htdocs/passionIceCreamServer/attendance/qrhoster.php on line 44
[04-Jul-2021 10:16:17 UTC] PHP Warning:  socket_recv(): unable to read from socket [54]: Connection reset by peer in /Applications/MAMP/htdocs/passionIceCreamServer/attendance/qrhoster.php on line 44
[04-Jul-2021 10:17:09 UTC] PHP Warning:  socket_recv(): unable to read from socket [54]: Connection reset by peer in /Applications/MAMP/htdocs/passionIceCreamServer/attendance/qrhoster.php on line 44
[04-Jul-2021 10:17:52 UTC] PHP Warning:  socket_recv(): unable to read from socket [54]: Connection reset by peer in /Applications/MAMP/htdocs/passionIceCreamServer/attendance/qrhoster.php on line 44
[04-Jul-2021 10:18:03 UTC] PHP Warning:  socket_recv(): unable to read from socket [54]: Connection reset by peer in /Applications/MAMP/htdocs/passionIceCreamServer/attendance/qrhoster.php on line 44
[04-Jul-2021 10:19:38 UTC] PHP Warning:  socket_recv(): unable to read from socket [54]: Connection reset by peer in /Applications/MAMP/htdocs/passionIceCreamServer/attendance/qrhoster.php on line 44
[04-Jul-2021 10:24:50 UTC] PHP Warning:  socket_recv(): unable to read from socket [54]: Connection reset by peer in /Applications/MAMP/htdocs/passionIceCreamServer/attendance/qrhoster.php on line 44
[04-Jul-2021 10:27:13 UTC] PHP Warning:  socket_recv(): unable to read from socket [54]: Connection reset by peer in /Applications/MAMP/htdocs/passionIceCreamServer/attendance/qrhoster.php on line 44
[04-Jul-2021 10:27:23 UTC] PHP Warning:  socket_recv(): unable to read from socket [54]: Connection reset by peer in /Applications/MAMP/htdocs/passionIceCreamServer/attendance/qrhoster.php on line 44
[04-Jul-2021 10:29:09 UTC] PHP Fatal error:  Uncaught PDOException: SQLSTATE[HY000]: General error: 1364 Field 'time' doesn't have a default value in /Applications/MAMP/htdocs/passionIceCreamServer/attendance/attendance.php:181
Stack trace:
#0 /Applications/MAMP/htdocs/passionIceCreamServer/attendance/attendance.php(181): PDOStatement->execute()
#1 /Applications/MAMP/htdocs/passionIceCreamServer/attendance/qrhoster.php(48): AttendanceHandler->createChatBoxMessage('system', 'expired')
#2 {main}
  thrown in /Applications/MAMP/htdocs/passionIceCreamServer/attendance/attendance.php on line 181
[04-Jul-2021 16:26:12 Asia/Kolkata] PHP Warning:  socket_recv(): unable to read from socket [54]: Connection reset by peer in /Applications/MAMP/htdocs/passionIceCreamServer/attendance/qrhoster.php on line 45
[04-Jul-2021 18:39:57 Asia/Kolkata] PHP Warning:  socket_recv(): unable to read from socket [54]: Connection reset by peer in /Applications/MAMP/htdocs/passionIceCreamServer/attendance/qrhoster.php on line 45
[04-Jul-2021 18:41:18 Asia/Kolkata] PHP Warning:  socket_recv(): unable to read from socket [54]: Connection reset by peer in /Applications/MAMP/htdocs/passionIceCreamServer/attendance/qrhoster.php on line 45
[04-Jul-2021 18:42:01 Asia/Kolkata] PHP Warning:  socket_recv(): unable to read from socket [54]: Connection reset by peer in /Applications/MAMP/htdocs/passionIceCreamServer/attendance/qrhoster.php on line 45
[04-Jul-2021 18:42:56 Asia/Kolkata] PHP Warning:  socket_recv(): unable to read from socket [54]: Connection reset by peer in /Applications/MAMP/htdocs/passionIceCreamServer/attendance/qrhoster.php on line 45
[04-Jul-2021 18:44:02 Asia/Kolkata] PHP Warning:  socket_recv(): unable to read from socket [54]: Connection reset by peer in /Applications/MAMP/htdocs/passionIceCreamServer/attendance/qrhoster.php on line 45
[04-Jul-2021 18:44:59 Asia/Kolkata] PHP Warning:  socket_recv(): unable to read from socket [54]: Connection reset by peer in /Applications/MAMP/htdocs/passionIceCreamServer/attendance/qrhoster.php on line 45
[04-Jul-2021 18:47:23 Asia/Kolkata] PHP Warning:  socket_recv(): unable to read from socket [54]: Connection reset by peer in /Applications/MAMP/htdocs/passionIceCreamServer/attendance/qrhoster.php on line 45
[04-Jul-2021 18:47:25 Asia/Kolkata] PHP Warning:  socket_recv(): unable to read from socket [54]: Connection reset by peer in /Applications/MAMP/htdocs/passionIceCreamServer/attendance/qrhoster.php on line 45
[04-Jul-2021 18:47:30 Asia/Kolkata] PHP Warning:  socket_recv(): unable to read from socket [54]: Connection reset by peer in /Applications/MAMP/htdocs/passionIceCreamServer/attendance/qrhoster.php on line 45
[04-Jul-2021 22:45:00 Asia/Kolkata] PHP Warning:  socket_recv(): unable to read from socket [54]: Connection reset by peer in /Applications/MAMP/htdocs/passionIceCreamServer/attendance/qrhoster.php on line 45
[04-Jul-2021 22:45:05 Asia/Kolkata] PHP Warning:  socket_recv(): unable to read from socket [54]: Connection reset by peer in /Applications/MAMP/htdocs/passionIceCreamServer/attendance/qrhoster.php on line 45
[04-Jul-2021 22:47:09 Asia/Kolkata] PHP Warning:  socket_recv(): unable to read from socket [54]: Connection reset by peer in /Applications/MAMP/htdocs/passionIceCreamServer/attendance/qrhoster.php on line 45
[04-Jul-2021 22:47:09 Asia/Kolkata] PHP Warning:  socket_recv(): unable to read from socket [54]: Connection reset by peer in /Applications/MAMP/htdocs/passionIceCreamServer/attendance/qrhoster.php on line 45
[04-Jul-2021 23:48:24 Asia/Kolkata] PHP Warning:  socket_recv(): unable to read from socket [54]: Connection reset by peer in /Applications/MAMP/htdocs/passionIceCreamServer/attendance/qrhoster.php on line 45
[04-Jul-2021 23:48:24 Asia/Kolkata] PHP Warning:  socket_recv(): unable to read from socket [54]: Connection reset by peer in /Applications/MAMP/htdocs/passionIceCreamServer/attendance/qrhoster.php on line 45
[04-Jul-2021 23:54:33 Asia/Kolkata] PHP Warning:  PDO::prepare(): MySQL server has gone away in /Applications/MAMP/htdocs/passionIceCreamServer/attendance/attendance.php on line 125
[04-Jul-2021 23:54:33 Asia/Kolkata] PHP Fatal error:  Uncaught PDOException: SQLSTATE[HY000]: General error: 2006 MySQL server has gone away in /Applications/MAMP/htdocs/passionIceCreamServer/attendance/attendance.php:125
Stack trace:
#0 /Applications/MAMP/htdocs/passionIceCreamServer/attendance/attendance.php(125): PDO->prepare('DELETE FROM cur...')
#1 /Applications/MAMP/htdocs/passionIceCreamServer/attendance/qrhoster.php(36): AttendanceHandler->newConnectionACK('192.168.43.51')
#2 {main}
  thrown in /Applications/MAMP/htdocs/passionIceCreamServer/attendance/attendance.php on line 125
[05-Jul-2021 02:01:51 Asia/Kolkata] PHP Warning:  socket_recv(): unable to read from socket [54]: Connection reset by peer in /Applications/MAMP/htdocs/passionIceCreamServer/attendance/qrhoster.php on line 45
[05-Jul-2021 02:01:51 Asia/Kolkata] PHP Warning:  socket_recv(): unable to read from socket [54]: Connection reset by peer in /Applications/MAMP/htdocs/passionIceCreamServer/attendance/qrhoster.php on line 45
[05-Jul-2021 02:02:50 Asia/Kolkata] PHP Warning:  socket_recv(): unable to read from socket [54]: Connection reset by peer in /Applications/MAMP/htdocs/passionIceCreamServer/attendance/qrhoster.php on line 45
[05-Jul-2021 02:02:50 Asia/Kolkata] PHP Warning:  socket_recv(): unable to read from socket [54]: Connection reset by peer in /Applications/MAMP/htdocs/passionIceCreamServer/attendance/qrhoster.php on line 45
[05-Jul-2021 02:03:17 Asia/Kolkata] PHP Warning:  socket_recv(): unable to read from socket [54]: Connection reset by peer in /Applications/MAMP/htdocs/passionIceCreamServer/attendance/qrhoster.php on line 45
[05-Jul-2021 02:03:17 Asia/Kolkata] PHP Warning:  socket_recv(): unable to read from socket [54]: Connection reset by peer in /Applications/MAMP/htdocs/passionIceCreamServer/attendance/qrhoster.php on line 45
[05-Jul-2021 02:03:44 Asia/Kolkata] PHP Warning:  socket_recv(): unable to read from socket [54]: Connection reset by peer in /Applications/MAMP/htdocs/passionIceCreamServer/attendance/qrhoster.php on line 45
[05-Jul-2021 02:03:45 Asia/Kolkata] PHP Warning:  socket_recv(): unable to read from socket [54]: Connection reset by peer in /Applications/MAMP/htdocs/passionIceCreamServer/attendance/qrhoster.php on line 45
[05-Jul-2021 02:03:45 Asia/Kolkata] PHP Warning:  socket_recv(): unable to read from socket [54]: Connection reset by peer in /Applications/MAMP/htdocs/passionIceCreamServer/attendance/qrhoster.php on line 45
[05-Jul-2021 02:05:15 Asia/Kolkata] PHP Warning:  socket_recv(): unable to read from socket [54]: Connection reset by peer in /Applications/MAMP/htdocs/passionIceCreamServer/attendance/qrhoster.php on line 45
[05-Jul-2021 02:07:06 Asia/Kolkata] PHP Warning:  socket_recv(): unable to read from socket [54]: Connection reset by peer in /Applications/MAMP/htdocs/passionIceCreamServer/attendance/qrhoster.php on line 45
[05-Jul-2021 02:09:04 Asia/Kolkata] PHP Warning:  socket_recv(): unable to read from socket [54]: Connection reset by peer in /Applications/MAMP/htdocs/passionIceCreamServer/attendance/qrhoster.php on line 45
[05-Jul-2021 02:09:33 Asia/Kolkata] PHP Warning:  socket_recv(): unable to read from socket [54]: Connection reset by peer in /Applications/MAMP/htdocs/passionIceCreamServer/attendance/qrhoster.php on line 45
[05-Jul-2021 02:09:36 Asia/Kolkata] PHP Warning:  socket_recv(): unable to read from socket [54]: Connection reset by peer in /Applications/MAMP/htdocs/passionIceCreamServer/attendance/qrhoster.php on line 45
[05-Jul-2021 02:09:59 Asia/Kolkata] PHP Warning:  socket_recv(): unable to read from socket [54]: Connection reset by peer in /Applications/MAMP/htdocs/passionIceCreamServer/attendance/qrhoster.php on line 45
[05-Jul-2021 02:10:24 Asia/Kolkata] PHP Warning:  socket_recv(): unable to read from socket [54]: Connection reset by peer in /Applications/MAMP/htdocs/passionIceCreamServer/attendance/qrhoster.php on line 45
[05-Jul-2021 02:10:32 Asia/Kolkata] PHP Warning:  socket_recv(): unable to read from socket [54]: Connection reset by peer in /Applications/MAMP/htdocs/passionIceCreamServer/attendance/qrhoster.php on line 45
[05-Jul-2021 02:14:02 Asia/Kolkata] PHP Warning:  socket_recv(): unable to read from socket [54]: Connection reset by peer in /Applications/MAMP/htdocs/passionIceCreamServer/attendance/qrhoster.php on line 45
[05-Jul-2021 02:14:02 Asia/Kolkata] PHP Warning:  socket_recv(): unable to read from socket [54]: Connection reset by peer in /Applications/MAMP/htdocs/passionIceCreamServer/attendance/qrhoster.php on line 45
[05-Jul-2021 02:14:24 Asia/Kolkata] PHP Warning:  socket_recv(): unable to read from socket [54]: Connection reset by peer in /Applications/MAMP/htdocs/passionIceCreamServer/attendance/qrhoster.php on line 45
[05-Jul-2021 02:17:33 Asia/Kolkata] PHP Warning:  socket_recv(): unable to read from socket [54]: Connection reset by peer in /Applications/MAMP/htdocs/passionIceCreamServer/attendance/qrhoster.php on line 45
[05-Jul-2021 02:17:33 Asia/Kolkata] PHP Warning:  socket_recv(): unable to read from socket [54]: Connection reset by peer in /Applications/MAMP/htdocs/passionIceCreamServer/attendance/qrhoster.php on line 45
[05-Jul-2021 02:17:53 Asia/Kolkata] PHP Warning:  socket_recv(): unable to read from socket [54]: Connection reset by peer in /Applications/MAMP/htdocs/passionIceCreamServer/attendance/qrhoster.php on line 45
[05-Jul-2021 02:17:53 Asia/Kolkata] PHP Warning:  socket_recv(): unable to read from socket [54]: Connection reset by peer in /Applications/MAMP/htdocs/passionIceCreamServer/attendance/qrhoster.php on line 45
[05-Jul-2021 02:18:00 Asia/Kolkata] PHP Warning:  socket_recv(): unable to read from socket [54]: Connection reset by peer in /Applications/MAMP/htdocs/passionIceCreamServer/attendance/qrhoster.php on line 45
[05-Jul-2021 02:18:07 Asia/Kolkata] PHP Warning:  socket_recv(): unable to read from socket [54]: Connection reset by peer in /Applications/MAMP/htdocs/passionIceCreamServer/attendance/qrhoster.php on line 45
[05-Jul-2021 02:18:08 Asia/Kolkata] PHP Warning:  socket_recv(): unable to read from socket [54]: Connection reset by peer in /Applications/MAMP/htdocs/passionIceCreamServer/attendance/qrhoster.php on line 45
[05-Jul-2021 02:18:50 Asia/Kolkata] PHP Warning:  socket_recv(): unable to read from socket [54]: Connection reset by peer in /Applications/MAMP/htdocs/passionIceCreamServer/attendance/qrhoster.php on line 45
[05-Jul-2021 02:18:50 Asia/Kolkata] PHP Warning:  socket_recv(): unable to read from socket [54]: Connection reset by peer in /Applications/MAMP/htdocs/passionIceCreamServer/attendance/qrhoster.php on line 45
[05-Jul-2021 02:19:19 Asia/Kolkata] PHP Warning:  socket_recv(): unable to read from socket [54]: Connection reset by peer in /Applications/MAMP/htdocs/passionIceCreamServer/attendance/qrhoster.php on line 45
[05-Jul-2021 02:19:19 Asia/Kolkata] PHP Warning:  socket_recv(): unable to read from socket [54]: Connection reset by peer in /Applications/MAMP/htdocs/passionIceCreamServer/attendance/qrhoster.php on line 45
[05-Jul-2021 02:19:25 Asia/Kolkata] PHP Warning:  socket_recv(): unable to read from socket [54]: Connection reset by peer in /Applications/MAMP/htdocs/passionIceCreamServer/attendance/qrhoster.php on line 45
[05-Jul-2021 02:19:30 Asia/Kolkata] PHP Warning:  socket_recv(): unable to read from socket [54]: Connection reset by peer in /Applications/MAMP/htdocs/passionIceCreamServer/attendance/qrhoster.php on line 45
[05-Jul-2021 02:19:30 Asia/Kolkata] PHP Warning:  socket_recv(): unable to read from socket [54]: Connection reset by peer in /Applications/MAMP/htdocs/passionIceCreamServer/attendance/qrhoster.php on line 45
[05-Jul-2021 02:19:35 Asia/Kolkata] PHP Warning:  socket_recv(): unable to read from socket [54]: Connection reset by peer in /Applications/MAMP/htdocs/passionIceCreamServer/attendance/qrhoster.php on line 45
[05-Jul-2021 02:19:35 Asia/Kolkata] PHP Warning:  socket_recv(): unable to read from socket [54]: Connection reset by peer in /Applications/MAMP/htdocs/passionIceCreamServer/attendance/qrhoster.php on line 45
[05-Jul-2021 02:20:11 Asia/Kolkata] PHP Warning:  socket_recv(): unable to read from socket [54]: Connection reset by peer in /Applications/MAMP/htdocs/passionIceCreamServer/attendance/qrhoster.php on line 45
[05-Jul-2021 02:20:11 Asia/Kolkata] PHP Warning:  socket_recv(): unable to read from socket [54]: Connection reset by peer in /Applications/MAMP/htdocs/passionIceCreamServer/attendance/qrhoster.php on line 45
[05-Jul-2021 02:20:41 Asia/Kolkata] PHP Warning:  socket_recv(): unable to read from socket [54]: Connection reset by peer in /Applications/MAMP/htdocs/passionIceCreamServer/attendance/qrhoster.php on line 45
[05-Jul-2021 02:20:41 Asia/Kolkata] PHP Warning:  socket_recv(): unable to read from socket [54]: Connection reset by peer in /Applications/MAMP/htdocs/passionIceCreamServer/attendance/qrhoster.php on line 45
[05-Jul-2021 02:26:39 Asia/Kolkata] PHP Warning:  socket_recv(): unable to read from socket [54]: Connection reset by peer in /Applications/MAMP/htdocs/passionIceCreamServer/attendance/qrhoster.php on line 45
[05-Jul-2021 02:32:55 Asia/Kolkata] PHP Warning:  socket_recv(): unable to read from socket [54]: Connection reset by peer in /Applications/MAMP/htdocs/passionIceCreamServer/attendance/qrhoster.php on line 45
[05-Jul-2021 02:33:40 Asia/Kolkata] PHP Warning:  socket_recv(): unable to read from socket [54]: Connection reset by peer in /Applications/MAMP/htdocs/passionIceCreamServer/attendance/qrhoster.php on line 45
[05-Jul-2021 02:33:45 Asia/Kolkata] PHP Warning:  socket_recv(): unable to read from socket [54]: Connection reset by peer in /Applications/MAMP/htdocs/passionIceCreamServer/attendance/qrhoster.php on line 45
[05-Jul-2021 02:33:45 Asia/Kolkata] PHP Warning:  socket_recv(): unable to read from socket [54]: Connection reset by peer in /Applications/MAMP/htdocs/passionIceCreamServer/attendance/qrhoster.php on line 45
[05-Jul-2021 02:54:20 Asia/Kolkata] PHP Warning:  socket_recv(): unable to read from socket [54]: Connection reset by peer in /Applications/MAMP/htdocs/passionIceCreamServer/attendance/qrhoster.php on line 45
[05-Jul-2021 02:54:20 Asia/Kolkata] PHP Warning:  socket_recv(): unable to read from socket [54]: Connection reset by peer in /Applications/MAMP/htdocs/passionIceCreamServer/attendance/qrhoster.php on line 45
[05-Jul-2021 02:55:31 Asia/Kolkata] PHP Warning:  socket_recv(): unable to read from socket [54]: Connection reset by peer in /Applications/MAMP/htdocs/passionIceCreamServer/attendance/qrhoster.php on line 45
[05-Jul-2021 02:55:31 Asia/Kolkata] PHP Warning:  socket_recv(): unable to read from socket [54]: Connection reset by peer in /Applications/MAMP/htdocs/passionIceCreamServer/attendance/qrhoster.php on line 45
[05-Jul-2021 02:55:41 Asia/Kolkata] PHP Warning:  socket_recv(): unable to read from socket [54]: Connection reset by peer in /Applications/MAMP/htdocs/passionIceCreamServer/attendance/qrhoster.php on line 45
[05-Jul-2021 02:55:41 Asia/Kolkata] PHP Warning:  socket_recv(): unable to read from socket [54]: Connection reset by peer in /Applications/MAMP/htdocs/passionIceCreamServer/attendance/qrhoster.php on line 45
[05-Jul-2021 02:59:05 Asia/Kolkata] PHP Warning:  socket_recv(): unable to read from socket [54]: Connection reset by peer in /Applications/MAMP/htdocs/passionIceCreamServer/attendance/qrhoster.php on line 45
[05-Jul-2021 02:59:05 Asia/Kolkata] PHP Warning:  socket_recv(): unable to read from socket [54]: Connection reset by peer in /Applications/MAMP/htdocs/passionIceCreamServer/attendance/qrhoster.php on line 45
[05-Jul-2021 02:59:12 Asia/Kolkata] PHP Warning:  socket_recv(): unable to read from socket [54]: Connection reset by peer in /Applications/MAMP/htdocs/passionIceCreamServer/attendance/qrhoster.php on line 45
[05-Jul-2021 03:05:01 Asia/Kolkata] PHP Warning:  socket_recv(): unable to read from socket [54]: Connection reset by peer in /Applications/MAMP/htdocs/passionIceCreamServer/attendance/qrhoster.php on line 45
[05-Jul-2021 03:05:03 Asia/Kolkata] PHP Warning:  socket_recv(): unable to read from socket [54]: Connection reset by peer in /Applications/MAMP/htdocs/passionIceCreamServer/attendance/qrhoster.php on line 45
[05-Jul-2021 03:05:03 Asia/Kolkata] PHP Warning:  socket_recv(): unable to read from socket [54]: Connection reset by peer in /Applications/MAMP/htdocs/passionIceCreamServer/attendance/qrhoster.php on line 45
[05-Jul-2021 03:05:19 Asia/Kolkata] PHP Warning:  socket_recv(): unable to read from socket [54]: Connection reset by peer in /Applications/MAMP/htdocs/passionIceCreamServer/attendance/qrhoster.php on line 45
[05-Jul-2021 03:05:55 Asia/Kolkata] PHP Warning:  socket_recv(): unable to read from socket [54]: Connection reset by peer in /Applications/MAMP/htdocs/passionIceCreamServer/attendance/qrhoster.php on line 45
[05-Jul-2021 03:05:55 Asia/Kolkata] PHP Warning:  socket_recv(): unable to read from socket [54]: Connection reset by peer in /Applications/MAMP/htdocs/passionIceCreamServer/attendance/qrhoster.php on line 45
[05-Jul-2021 03:06:06 Asia/Kolkata] PHP Warning:  socket_recv(): unable to read from socket [54]: Connection reset by peer in /Applications/MAMP/htdocs/passionIceCreamServer/attendance/qrhoster.php on line 45
[05-Jul-2021 03:06:06 Asia/Kolkata] PHP Warning:  socket_recv(): unable to read from socket [54]: Connection reset by peer in /Applications/MAMP/htdocs/passionIceCreamServer/attendance/qrhoster.php on line 45
[05-Jul-2021 03:06:16 Asia/Kolkata] PHP Warning:  socket_recv(): unable to read from socket [54]: Connection reset by peer in /Applications/MAMP/htdocs/passionIceCreamServer/attendance/qrhoster.php on line 45
[05-Jul-2021 03:06:16 Asia/Kolkata] PHP Warning:  socket_recv(): unable to read from socket [54]: Connection reset by peer in /Applications/MAMP/htdocs/passionIceCreamServer/attendance/qrhoster.php on line 45
[05-Jul-2021 03:06:23 Asia/Kolkata] PHP Warning:  socket_recv(): unable to read from socket [54]: Connection reset by peer in /Applications/MAMP/htdocs/passionIceCreamServer/attendance/qrhoster.php on line 45
[05-Jul-2021 03:06:23 Asia/Kolkata] PHP Warning:  socket_recv(): unable to read from socket [54]: Connection reset by peer in /Applications/MAMP/htdocs/passionIceCreamServer/attendance/qrhoster.php on line 45
[05-Jul-2021 03:09:12 Asia/Kolkata] PHP Warning:  socket_recv(): unable to read from socket [54]: Connection reset by peer in /Applications/MAMP/htdocs/passionIceCreamServer/attendance/qrhoster.php on line 45
[05-Jul-2021 03:09:28 Asia/Kolkata] PHP Warning:  socket_recv(): unable to read from socket [54]: Connection reset by peer in /Applications/MAMP/htdocs/passionIceCreamServer/attendance/qrhoster.php on line 45
[05-Jul-2021 03:09:58 Asia/Kolkata] PHP Warning:  socket_recv(): unable to read from socket [54]: Connection reset by peer in /Applications/MAMP/htdocs/passionIceCreamServer/attendance/qrhoster.php on line 45
[05-Jul-2021 03:10:04 Asia/Kolkata] PHP Warning:  socket_recv(): unable to read from socket [54]: Connection reset by peer in /Applications/MAMP/htdocs/passionIceCreamServer/attendance/qrhoster.php on line 45
[05-Jul-2021 03:10:12 Asia/Kolkata] PHP Warning:  socket_recv(): unable to read from socket [54]: Connection reset by peer in /Applications/MAMP/htdocs/passionIceCreamServer/attendance/qrhoster.php on line 45
[05-Jul-2021 03:10:54 Asia/Kolkata] PHP Warning:  socket_recv(): unable to read from socket [54]: Connection reset by peer in /Applications/MAMP/htdocs/passionIceCreamServer/attendance/qrhoster.php on line 45
[05-Jul-2021 03:11:19 Asia/Kolkata] PHP Warning:  socket_recv(): unable to read from socket [54]: Connection reset by peer in /Applications/MAMP/htdocs/passionIceCreamServer/attendance/qrhoster.php on line 45
[05-Jul-2021 03:11:26 Asia/Kolkata] PHP Warning:  socket_recv(): unable to read from socket [54]: Connection reset by peer in /Applications/MAMP/htdocs/passionIceCreamServer/attendance/qrhoster.php on line 45
[05-Jul-2021 03:11:27 Asia/Kolkata] PHP Warning:  socket_recv(): unable to read from socket [54]: Connection reset by peer in /Applications/MAMP/htdocs/passionIceCreamServer/attendance/qrhoster.php on line 45
[05-Jul-2021 03:18:17 Asia/Kolkata] PHP Warning:  socket_recv(): unable to read from socket [54]: Connection reset by peer in /Applications/MAMP/htdocs/passionIceCreamServer/attendance/qrhoster.php on line 45
[05-Jul-2021 03:18:17 Asia/Kolkata] PHP Warning:  socket_recv(): unable to read from socket [54]: Connection reset by peer in /Applications/MAMP/htdocs/passionIceCreamServer/attendance/qrhoster.php on line 45
[05-Jul-2021 03:18:31 Asia/Kolkata] PHP Warning:  socket_recv(): unable to read from socket [54]: Connection reset by peer in /Applications/MAMP/htdocs/passionIceCreamServer/attendance/qrhoster.php on line 45
[05-Jul-2021 03:18:31 Asia/Kolkata] PHP Warning:  socket_recv(): unable to read from socket [54]: Connection reset by peer in /Applications/MAMP/htdocs/passionIceCreamServer/attendance/qrhoster.php on line 45
[05-Jul-2021 03:18:39 Asia/Kolkata] PHP Warning:  socket_recv(): unable to read from socket [54]: Connection reset by peer in /Applications/MAMP/htdocs/passionIceCreamServer/attendance/qrhoster.php on line 45
[05-Jul-2021 03:19:16 Asia/Kolkata] PHP Warning:  socket_recv(): unable to read from socket [54]: Connection reset by peer in /Applications/MAMP/htdocs/passionIceCreamServer/attendance/qrhoster.php on line 45
[05-Jul-2021 03:19:16 Asia/Kolkata] PHP Warning:  socket_recv(): unable to read from socket [54]: Connection reset by peer in /Applications/MAMP/htdocs/passionIceCreamServer/attendance/qrhoster.php on line 45
[05-Jul-2021 03:19:24 Asia/Kolkata] PHP Warning:  socket_recv(): unable to read from socket [54]: Connection reset by peer in /Applications/MAMP/htdocs/passionIceCreamServer/attendance/qrhoster.php on line 45
[05-Jul-2021 03:19:28 Asia/Kolkata] PHP Warning:  socket_recv(): unable to read from socket [54]: Connection reset by peer in /Applications/MAMP/htdocs/passionIceCreamServer/attendance/qrhoster.php on line 45
[05-Jul-2021 03:19:28 Asia/Kolkata] PHP Warning:  socket_recv(): unable to read from socket [54]: Connection reset by peer in /Applications/MAMP/htdocs/passionIceCreamServer/attendance/qrhoster.php on line 45
[05-Jul-2021 03:27:03 Asia/Kolkata] PHP Warning:  socket_recv(): unable to read from socket [54]: Connection reset by peer in /Applications/MAMP/htdocs/passionIceCreamServer/attendance/qrhoster.php on line 45
[05-Jul-2021 03:29:12 Asia/Kolkata] PHP Warning:  socket_recv(): unable to read from socket [54]: Connection reset by peer in /Applications/MAMP/htdocs/passionIceCreamServer/attendance/qrhoster.php on line 45
[05-Jul-2021 03:29:17 Asia/Kolkata] PHP Warning:  socket_recv(): unable to read from socket [54]: Connection reset by peer in /Applications/MAMP/htdocs/passionIceCreamServer/attendance/qrhoster.php on line 45
[05-Jul-2021 03:30:21 Asia/Kolkata] PHP Warning:  socket_recv(): unable to read from socket [54]: Connection reset by peer in /Applications/MAMP/htdocs/passionIceCreamServer/attendance/qrhoster.php on line 45
[05-Jul-2021 03:30:29 Asia/Kolkata] PHP Warning:  socket_recv(): unable to read from socket [54]: Connection reset by peer in /Applications/MAMP/htdocs/passionIceCreamServer/attendance/qrhoster.php on line 45
[05-Jul-2021 03:30:29 Asia/Kolkata] PHP Warning:  socket_recv(): unable to read from socket [54]: Connection reset by peer in /Applications/MAMP/htdocs/passionIceCreamServer/attendance/qrhoster.php on line 45
[05-Jul-2021 03:30:49 Asia/Kolkata] PHP Warning:  socket_recv(): unable to read from socket [54]: Connection reset by peer in /Applications/MAMP/htdocs/passionIceCreamServer/attendance/qrhoster.php on line 45
[05-Jul-2021 03:30:49 Asia/Kolkata] PHP Warning:  socket_recv(): unable to read from socket [54]: Connection reset by peer in /Applications/MAMP/htdocs/passionIceCreamServer/attendance/qrhoster.php on line 45
[05-Jul-2021 03:30:56 Asia/Kolkata] PHP Warning:  socket_recv(): unable to read from socket [54]: Connection reset by peer in /Applications/MAMP/htdocs/passionIceCreamServer/attendance/qrhoster.php on line 45
[05-Jul-2021 03:31:00 Asia/Kolkata] PHP Warning:  socket_recv(): unable to read from socket [54]: Connection reset by peer in /Applications/MAMP/htdocs/passionIceCreamServer/attendance/qrhoster.php on line 45
[05-Jul-2021 03:31:00 Asia/Kolkata] PHP Warning:  socket_recv(): unable to read from socket [54]: Connection reset by peer in /Applications/MAMP/htdocs/passionIceCreamServer/attendance/qrhoster.php on line 45
[05-Jul-2021 03:31:27 Asia/Kolkata] PHP Warning:  socket_recv(): unable to read from socket [54]: Connection reset by peer in /Applications/MAMP/htdocs/passionIceCreamServer/attendance/qrhoster.php on line 45
[17-Aug-2021 17:12:03 Asia/Kolkata] PHP Warning:  socket_recv(): unable to read from socket [54]: Connection reset by peer in /Applications/MAMP/htdocs/passionIceCreamServer/attendance/qrhoster.php on line 45
[17-Aug-2021 17:17:19 Asia/Kolkata] PHP Warning:  socket_recv(): unable to read from socket [54]: Connection reset by peer in /Applications/MAMP/htdocs/passionIceCreamServer/attendance/qrhoster.php on line 45
[17-Aug-2021 17:18:14 Asia/Kolkata] PHP Warning:  socket_recv(): unable to read from socket [54]: Connection reset by peer in /Applications/MAMP/htdocs/passionIceCreamServer/attendance/qrhoster.php on line 45
[17-Aug-2021 17:21:38 Asia/Kolkata] PHP Warning:  socket_recv(): unable to read from socket [54]: Connection reset by peer in /Applications/MAMP/htdocs/passionIceCreamServer/attendance/qrhoster.php on line 45
[17-Aug-2021 17:25:14 Asia/Kolkata] PHP Warning:  socket_recv(): unable to read from socket [54]: Connection reset by peer in /Applications/MAMP/htdocs/passionIceCreamServer/attendance/qrhoster.php on line 45
[17-Aug-2021 17:26:14 Asia/Kolkata] PHP Warning:  socket_recv(): unable to read from socket [54]: Connection reset by peer in /Applications/MAMP/htdocs/passionIceCreamServer/attendance/qrhoster.php on line 45
[17-Aug-2021 17:26:15 Asia/Kolkata] PHP Warning:  socket_recv(): unable to read from socket [54]: Connection reset by peer in /Applications/MAMP/htdocs/passionIceCreamServer/attendance/qrhoster.php on line 45
[17-Aug-2021 17:28:53 Asia/Kolkata] PHP Warning:  socket_recv(): unable to read from socket [54]: Connection reset by peer in /Applications/MAMP/htdocs/passionIceCreamServer/attendance/qrhoster.php on line 45
[17-Aug-2021 17:30:14 Asia/Kolkata] PHP Warning:  socket_recv(): unable to read from socket [54]: Connection reset by peer in /Applications/MAMP/htdocs/passionIceCreamServer/attendance/qrhoster.php on line 45
[17-Aug-2021 17:36:09 Asia/Kolkata] PHP Warning:  socket_recv(): unable to read from socket [54]: Connection reset by peer in /Applications/MAMP/htdocs/passionIceCreamServer/attendance/qrhoster.php on line 45
[21-Aug-2021 00:10:47 Asia/Kolkata] PHP Warning:  socket_recv(): unable to read from socket [54]: Connection reset by peer in /Applications/MAMP/htdocs/passionIceCreamServer/attendance/qrhoster.php on line 45
[21-Aug-2021 00:10:47 Asia/Kolkata] PHP Warning:  socket_recv(): unable to read from socket [54]: Connection reset by peer in /Applications/MAMP/htdocs/passionIceCreamServer/attendance/qrhoster.php on line 45
[21-Aug-2021 00:11:08 Asia/Kolkata] PHP Warning:  socket_recv(): unable to read from socket [54]: Connection reset by peer in /Applications/MAMP/htdocs/passionIceCreamServer/attendance/qrhoster.php on line 45
[21-Aug-2021 00:11:38 Asia/Kolkata] PHP Warning:  socket_recv(): unable to read from socket [54]: Connection reset by peer in /Applications/MAMP/htdocs/passionIceCreamServer/attendance/qrhoster.php on line 45
[21-Aug-2021 00:13:54 Asia/Kolkata] PHP Warning:  socket_recv(): unable to read from socket [54]: Connection reset by peer in /Applications/MAMP/htdocs/passionIceCreamServer/attendance/qrhoster.php on line 45
[21-Aug-2021 00:13:54 Asia/Kolkata] PHP Warning:  socket_recv(): unable to read from socket [54]: Connection reset by peer in /Applications/MAMP/htdocs/passionIceCreamServer/attendance/qrhoster.php on line 45
[21-Aug-2021 00:27:36 Asia/Kolkata] PHP Warning:  socket_recv(): unable to read from socket [54]: Connection reset by peer in /Applications/MAMP/htdocs/passionIceCreamServer/attendance/qrhoster.php on line 45
[21-Aug-2021 02:24:03 Asia/Kolkata] PHP Warning:  socket_recv(): unable to read from socket [54]: Connection reset by peer in /Applications/MAMP/htdocs/passionIceCreamServer/attendance/qrhoster.php on line 45
[21-Aug-2021 03:25:41 Asia/Kolkata] PHP Warning:  socket_recv(): unable to read from socket [54]: Connection reset by peer in /Applications/MAMP/htdocs/passionIceCreamServer/attendance/qrhoster.php on line 45
[21-Aug-2021 03:25:41 Asia/Kolkata] PHP Warning:  socket_recv(): unable to read from socket [54]: Connection reset by peer in /Applications/MAMP/htdocs/passionIceCreamServer/attendance/qrhoster.php on line 45
[21-Aug-2021 03:26:02 Asia/Kolkata] PHP Warning:  socket_recv(): unable to read from socket [54]: Connection reset by peer in /Applications/MAMP/htdocs/passionIceCreamServer/attendance/qrhoster.php on line 45
[21-Aug-2021 03:26:02 Asia/Kolkata] PHP Warning:  socket_recv(): unable to read from socket [54]: Connection reset by peer in /Applications/MAMP/htdocs/passionIceCreamServer/attendance/qrhoster.php on line 45
[21-Aug-2021 03:41:11 Asia/Kolkata] PHP Warning:  socket_recv(): unable to read from socket [54]: Connection reset by peer in /Applications/MAMP/htdocs/passionIceCreamServer/attendance/qrhoster.php on line 45
[21-Aug-2021 03:55:34 Asia/Kolkata] PHP Warning:  socket_recv(): unable to read from socket [54]: Connection reset by peer in /Applications/MAMP/htdocs/passionIceCreamServer/attendance/qrhoster.php on line 45
